<?xml version="1.0" encoding="UTF-8"?>
<coverage generated="1761187835438" clover="3.2.0">
  <project timestamp="1761187835439" name="All files">
    <metrics statements="82" coveredstatements="39" conditionals="66" coveredconditionals="36" methods="42" coveredmethods="8" elements="190" coveredelements="83" complexity="0" loc="82" ncloc="82" packages="1" files="7" classes="7"/>
    <file name="BannerUdemy.vue" path="C:\Users\usuario\Desktop\Nueva carpeta (22)\ef7\src\components\BannerUdemy.vue">
      <metrics statements="5" coveredstatements="4" conditionals="2" coveredconditionals="2" methods="1" coveredmethods="0"/>
      <line num="4" count="0" type="cond" truecount="2" falsecount="0"/>
      <line num="16" count="1" type="stmt"/>
      <line num="22" count="1" type="stmt"/>
      <line num="48" count="2" type="stmt"/>
      <line num="69" count="2" type="stmt"/>
    </file>
    <file name="CourseFormModal.vue" path="C:\Users\usuario\Desktop\Nueva carpeta (22)\ef7\src\components\CourseFormModal.vue">
      <metrics statements="41" coveredstatements="8" conditionals="42" coveredconditionals="20" methods="23" coveredmethods="1"/>
      <line num="2" count="0" type="cond" truecount="2" falsecount="0"/>
      <line num="8" count="0" type="cond" truecount="2" falsecount="0"/>
      <line num="10" count="0" type="cond" truecount="0" falsecount="2"/>
      <line num="15" count="0" type="cond" truecount="2" falsecount="0"/>
      <line num="17" count="0" type="cond" truecount="0" falsecount="2"/>
      <line num="22" count="0" type="cond" truecount="2" falsecount="0"/>
      <line num="24" count="0" type="cond" truecount="0" falsecount="2"/>
      <line num="29" count="0" type="cond" truecount="2" falsecount="0"/>
      <line num="31" count="0" type="cond" truecount="0" falsecount="2"/>
      <line num="36" count="0" type="cond" truecount="2" falsecount="0"/>
      <line num="38" count="0" type="cond" truecount="0" falsecount="2"/>
      <line num="43" count="0" type="cond" truecount="2" falsecount="0"/>
      <line num="46" count="0" type="cond" truecount="0" falsecount="2"/>
      <line num="51" count="0" type="cond" truecount="2" falsecount="0"/>
      <line num="54" count="0" type="cond" truecount="0" falsecount="2"/>
      <line num="59" count="0" type="cond" truecount="2" falsecount="0"/>
      <line num="61" count="0" type="cond" truecount="0" falsecount="2"/>
      <line num="66" count="0" type="cond" truecount="2" falsecount="0"/>
      <line num="70" count="1" type="stmt"/>
      <line num="96" count="2" type="stmt"/>
      <line num="99" count="2" type="stmt"/>
      <line num="101" count="2" type="stmt"/>
      <line num="102" count="2" type="stmt"/>
      <line num="103" count="2" type="stmt"/>
      <line num="105" count="2" type="stmt"/>
      <line num="107" count="2" type="stmt"/>
      <line num="120" count="0" type="stmt"/>
      <line num="122" count="0" type="cond" truecount="0" falsecount="2"/>
      <line num="123" count="0" type="stmt"/>
      <line num="124" count="0" type="stmt"/>
      <line num="128" count="0" type="stmt"/>
      <line num="129" count="0" type="stmt"/>
      <line num="131" count="0" type="cond" truecount="0" falsecount="2"/>
      <line num="132" count="0" type="stmt"/>
      <line num="133" count="0" type="stmt"/>
      <line num="136" count="0" type="stmt"/>
      <line num="137" count="0" type="stmt"/>
      <line num="138" count="0" type="stmt"/>
      <line num="142" count="0" type="stmt"/>
      <line num="143" count="0" type="cond" truecount="0" falsecount="2"/>
      <line num="144" count="0" type="stmt"/>
    </file>
    <file name="CursoCard.vue" path="C:\Users\usuario\Desktop\Nueva carpeta (22)\ef7\src\components\CursoCard.vue">
      <metrics statements="2" coveredstatements="2" conditionals="2" coveredconditionals="0" methods="0" coveredmethods="0"/>
      <line num="16" count="4" type="stmt"/>
      <line num="22" count="4" type="stmt"/>
    </file>
    <file name="CursoGrid.vue" path="C:\Users\usuario\Desktop\Nueva carpeta (22)\ef7\src\components\CursoGrid.vue">
      <metrics statements="1" coveredstatements="1" conditionals="0" coveredconditionals="0" methods="0" coveredmethods="0"/>
      <line num="25" count="1" type="stmt"/>
    </file>
    <file name="CursoGridInactivos.vue" path="C:\Users\usuario\Desktop\Nueva carpeta (22)\ef7\src\components\CursoGridInactivos.vue">
      <metrics statements="1" coveredstatements="1" conditionals="0" coveredconditionals="0" methods="0" coveredmethods="0"/>
      <line num="25" count="1" type="stmt"/>
    </file>
    <file name="CursosPopulares.vue" path="C:\Users\usuario\Desktop\Nueva carpeta (22)\ef7\src\components\CursosPopulares.vue">
      <metrics statements="19" coveredstatements="15" conditionals="14" coveredconditionals="8" methods="11" coveredmethods="4"/>
      <line num="4" count="0" type="cond" truecount="2" falsecount="2"/>
      <line num="5" count="0" type="cond" truecount="2" falsecount="2"/>
      <line num="8" count="0" type="cond" truecount="2" falsecount="0"/>
      <line num="16" count="1" type="stmt"/>
      <line num="28" count="1" type="stmt"/>
      <line num="35" count="3" type="stmt"/>
      <line num="36" count="3" type="stmt"/>
      <line num="38" count="3" type="stmt"/>
      <line num="39" count="3" type="stmt"/>
      <line num="40" count="3" type="cond" truecount="1" falsecount="1"/>
      <line num="41" count="3" type="stmt"/>
      <line num="42" count="0" type="stmt"/>
      <line num="47" count="3" type="stmt"/>
      <line num="48" count="3" type="cond" truecount="1" falsecount="1"/>
      <line num="51" count="3" type="stmt"/>
      <line num="52" count="3" type="stmt"/>
      <line num="54" count="3" type="stmt"/>
      <line num="55" count="3" type="stmt"/>
      <line num="57" count="3" type="stmt"/>
    </file>
    <file name="NavBar.vue" path="C:\Users\usuario\Desktop\Nueva carpeta (22)\ef7\src\components\NavBar.vue">
      <metrics statements="13" coveredstatements="8" conditionals="6" coveredconditionals="6" methods="7" coveredmethods="3"/>
      <line num="4" count="0" type="cond" truecount="2" falsecount="0"/>
      <line num="13" count="0" type="cond" truecount="2" falsecount="0"/>
      <line num="21" count="0" type="cond" truecount="2" falsecount="0"/>
      <line num="28" count="1" type="stmt"/>
      <line num="45" count="2" type="stmt"/>
      <line num="46" count="2" type="stmt"/>
      <line num="47" count="2" type="stmt"/>
      <line num="49" count="2" type="stmt"/>
      <line num="51" count="2" type="stmt"/>
      <line num="52" count="0" type="stmt"/>
      <line num="53" count="0" type="stmt"/>
      <line num="56" count="2" type="stmt"/>
      <line num="59" count="4" type="stmt"/>
    </file>
  </project>
</coverage>
