{"C:\\Users\\usuario\\Desktop\\Nueva carpeta (22)\\ef7\\src\\components\\BannerUdemy.vue": {"path":"C:\\Users\\usuario\\Desktop\\Nueva carpeta (22)\\ef7\\src\\components\\BannerUdemy.vue","statementMap":{"0":{"start":{"line":48,"column":14},"end":{"line":67,"column":2}},"1":{"start":{"line":69,"column":20},"end":{"line":69,"column":27}},"2":{"start":{"line":16,"column":13},"end":{"line":16,"column":null}},"3":{"start":{"line":22,"column":15},"end":{"line":22,"column":null}},"4":{"start":{"line":4,"column":15},"end":{"line":4,"column":null}}},"fnMap":{"0":{"name":"(anonymous_0)","decl":{"start":{"line":4,"column":15},"end":{"line":4,"column":27}},"loc":{"start":{"line":4,"column":15},"end":{"line":4,"column":null}},"line":4}},"branchMap":{"0":{"loc":{"start":{"line":4,"column":15},"end":{"line":4,"column":null}},"type":"binary-expr","locations":[{"start":{"line":4,"column":15},"end":{"line":4,"column":27}},{"start":{"line":4,"column":15},"end":{"line":4,"column":null}}],"line":4}},"s":{"0":2,"1":2,"2":1,"3":1,"4":0},"f":{"0":0},"b":{"0":[2,2]},"meta":{"lastBranch":0,"lastFunction":0,"lastStatement":0,"seen":{}}}
,"C:\\Users\\usuario\\Desktop\\Nueva carpeta (22)\\ef7\\src\\components\\CourseFormModal.vue": {"path":"C:\\Users\\usuario\\Desktop\\Nueva carpeta (22)\\ef7\\src\\components\\CourseFormModal.vue","statementMap":{"0":{"start":{"line":96,"column":14},"end":{"line":96,"column":null}},"1":{"start":{"line":99,"column":13},"end":{"line":99,"column":49}},"2":{"start":{"line":101,"column":14},"end":{"line":101,"column":30}},"3":{"start":{"line":102,"column":0},"end":{"line":102,"column":52}},"4":{"start":{"line":102,"column":12},"end":{"line":102,"column":22}},"5":{"start":{"line":102,"column":32},"end":{"line":102,"column":50}},"6":{"start":{"line":103,"column":0},"end":{"line":103,"column":46}},"7":{"start":{"line":103,"column":21},"end":{"line":103,"column":45}},"8":{"start":{"line":105,"column":15},"end":{"line":105,"column":25}},"9":{"start":{"line":107,"column":12},"end":{"line":117,"column":2}},"10":{"start":{"line":120,"column":2},"end":{"line":120,"column":58}},"11":{"start":{"line":122,"column":2},"end":{"line":125,"column":3}},"12":{"start":{"line":123,"column":4},"end":{"line":123,"column":38}},"13":{"start":{"line":124,"column":4},"end":{"line":124,"column":10}},"14":{"start":{"line":128,"column":17},"end":{"line":128,"column":47}},"15":{"start":{"line":129,"column":2},"end":{"line":129,"column":43}},"16":{"start":{"line":131,"column":2},"end":{"line":134,"column":3}},"17":{"start":{"line":132,"column":4},"end":{"line":132,"column":53}},"18":{"start":{"line":133,"column":4},"end":{"line":133,"column":10}},"19":{"start":{"line":136,"column":2},"end":{"line":136,"column":45}},"20":{"start":{"line":137,"column":2},"end":{"line":137,"column":33}},"21":{"start":{"line":138,"column":2},"end":{"line":138,"column":9}},"22":{"start":{"line":142,"column":2},"end":{"line":142,"column":22}},"23":{"start":{"line":143,"column":2},"end":{"line":143,"column":52}},"24":{"start":{"line":143,"column":21},"end":{"line":143,"column":52}},"25":{"start":{"line":144,"column":2},"end":{"line":154,"column":3}},"26":{"start":{"line":70,"column":15},"end":{"line":70,"column":null}},"27":{"start":{"line":2,"column":21},"end":{"line":2,"column":29}},"28":{"start":{"line":8,"column":21},"end":{"line":8,"column":null}},"29":{"start":{"line":10,"column":22},"end":{"line":10,"column":null}},"30":{"start":{"line":15,"column":21},"end":{"line":15,"column":null}},"31":{"start":{"line":17,"column":22},"end":{"line":17,"column":null}},"32":{"start":{"line":22,"column":21},"end":{"line":22,"column":null}},"33":{"start":{"line":24,"column":22},"end":{"line":24,"column":null}},"34":{"start":{"line":29,"column":21},"end":{"line":29,"column":null}},"35":{"start":{"line":31,"column":22},"end":{"line":31,"column":null}},"36":{"start":{"line":36,"column":21},"end":{"line":36,"column":null}},"37":{"start":{"line":38,"column":22},"end":{"line":38,"column":null}},"38":{"start":{"line":43,"column":28},"end":{"line":43,"column":39}},"39":{"start":{"line":46,"column":26},"end":{"line":46,"column":null}},"40":{"start":{"line":51,"column":28},"end":{"line":51,"column":43}},"41":{"start":{"line":54,"column":26},"end":{"line":54,"column":null}},"42":{"start":{"line":59,"column":21},"end":{"line":59,"column":null}},"43":{"start":{"line":61,"column":22},"end":{"line":61,"column":null}},"44":{"start":{"line":66,"column":21},"end":{"line":66,"column":null}}},"fnMap":{"0":{"name":"(anonymous_0)","decl":{"start":{"line":102,"column":6},"end":{"line":102,"column":7}},"loc":{"start":{"line":102,"column":12},"end":{"line":102,"column":22}},"line":102},"1":{"name":"(anonymous_1)","decl":{"start":{"line":102,"column":24},"end":{"line":102,"column":27}},"loc":{"start":{"line":102,"column":32},"end":{"line":102,"column":50}},"line":102},"2":{"name":"(anonymous_2)","decl":{"start":{"line":103,"column":14},"end":{"line":103,"column":17}},"loc":{"start":{"line":103,"column":21},"end":{"line":103,"column":45}},"line":103},"3":{"name":"onSubmit","decl":{"start":{"line":119,"column":15},"end":{"line":119,"column":23}},"loc":{"start":{"line":119,"column":26},"end":{"line":139,"column":1}},"line":119},"4":{"name":"close","decl":{"start":{"line":141,"column":9},"end":{"line":141,"column":14}},"loc":{"start":{"line":141,"column":17},"end":{"line":155,"column":1}},"line":141},"5":{"name":"(anonymous_5)","decl":{"start":{"line":2,"column":21},"end":{"line":2,"column":27}},"loc":{"start":{"line":2,"column":21},"end":{"line":2,"column":29}},"line":2},"6":{"name":"(anonymous_6)","decl":{"start":{"line":8,"column":21},"end":{"line":8,"column":25}},"loc":{"start":{"line":8,"column":21},"end":{"line":8,"column":null}},"line":8},"7":{"name":"(anonymous_7)","decl":{"start":{"line":10,"column":21},"end":{"line":10,"column":22}},"loc":{"start":{"line":10,"column":22},"end":{"line":10,"column":null}},"line":10},"8":{"name":"(anonymous_8)","decl":{"start":{"line":15,"column":21},"end":{"line":15,"column":25}},"loc":{"start":{"line":15,"column":21},"end":{"line":15,"column":null}},"line":15},"9":{"name":"(anonymous_9)","decl":{"start":{"line":17,"column":21},"end":{"line":17,"column":22}},"loc":{"start":{"line":17,"column":22},"end":{"line":17,"column":null}},"line":17},"10":{"name":"(anonymous_10)","decl":{"start":{"line":22,"column":21},"end":{"line":22,"column":25}},"loc":{"start":{"line":22,"column":21},"end":{"line":22,"column":null}},"line":22},"11":{"name":"(anonymous_11)","decl":{"start":{"line":24,"column":21},"end":{"line":24,"column":22}},"loc":{"start":{"line":24,"column":22},"end":{"line":24,"column":null}},"line":24},"12":{"name":"(anonymous_12)","decl":{"start":{"line":29,"column":21},"end":{"line":29,"column":25}},"loc":{"start":{"line":29,"column":21},"end":{"line":29,"column":null}},"line":29},"13":{"name":"(anonymous_13)","decl":{"start":{"line":31,"column":21},"end":{"line":31,"column":22}},"loc":{"start":{"line":31,"column":22},"end":{"line":31,"column":null}},"line":31},"14":{"name":"(anonymous_14)","decl":{"start":{"line":36,"column":21},"end":{"line":36,"column":25}},"loc":{"start":{"line":36,"column":21},"end":{"line":36,"column":null}},"line":36},"15":{"name":"(anonymous_15)","decl":{"start":{"line":38,"column":21},"end":{"line":38,"column":22}},"loc":{"start":{"line":38,"column":22},"end":{"line":38,"column":null}},"line":38},"16":{"name":"(anonymous_16)","decl":{"start":{"line":43,"column":28},"end":{"line":43,"column":32}},"loc":{"start":{"line":43,"column":28},"end":{"line":43,"column":39}},"line":43},"17":{"name":"(anonymous_17)","decl":{"start":{"line":46,"column":21},"end":{"line":46,"column":22}},"loc":{"start":{"line":46,"column":26},"end":{"line":46,"column":null}},"line":46},"18":{"name":"(anonymous_18)","decl":{"start":{"line":51,"column":28},"end":{"line":51,"column":32}},"loc":{"start":{"line":51,"column":28},"end":{"line":51,"column":43}},"line":51},"19":{"name":"(anonymous_19)","decl":{"start":{"line":54,"column":21},"end":{"line":54,"column":22}},"loc":{"start":{"line":54,"column":26},"end":{"line":54,"column":null}},"line":54},"20":{"name":"(anonymous_20)","decl":{"start":{"line":59,"column":21},"end":{"line":59,"column":25}},"loc":{"start":{"line":59,"column":21},"end":{"line":59,"column":null}},"line":59},"21":{"name":"(anonymous_21)","decl":{"start":{"line":61,"column":21},"end":{"line":61,"column":22}},"loc":{"start":{"line":61,"column":22},"end":{"line":61,"column":null}},"line":61},"22":{"name":"(anonymous_22)","decl":{"start":{"line":66,"column":21},"end":{"line":66,"column":25}},"loc":{"start":{"line":66,"column":21},"end":{"line":66,"column":null}},"line":66}},"branchMap":{"0":{"loc":{"start":{"line":122,"column":2},"end":{"line":125,"column":3}},"type":"if","locations":[{"start":{"line":122,"column":2},"end":{"line":125,"column":3}},{"start":{},"end":{}}],"line":122},"1":{"loc":{"start":{"line":131,"column":2},"end":{"line":134,"column":3}},"type":"if","locations":[{"start":{"line":131,"column":2},"end":{"line":134,"column":3}},{"start":{},"end":{}}],"line":131},"2":{"loc":{"start":{"line":143,"column":2},"end":{"line":143,"column":52}},"type":"if","locations":[{"start":{"line":143,"column":2},"end":{"line":143,"column":52}},{"start":{},"end":{}}],"line":143},"3":{"loc":{"start":{"line":2,"column":21},"end":{"line":2,"column":29}},"type":"binary-expr","locations":[{"start":{"line":2,"column":21},"end":{"line":2,"column":27}},{"start":{"line":2,"column":21},"end":{"line":2,"column":29}}],"line":2},"4":{"loc":{"start":{"line":8,"column":21},"end":{"line":8,"column":null}},"type":"binary-expr","locations":[{"start":{"line":8,"column":21},"end":{"line":8,"column":25}},{"start":{"line":8,"column":21},"end":{"line":8,"column":null}}],"line":8},"5":{"loc":{"start":{"line":10,"column":22},"end":{"line":10,"column":null}},"type":"binary-expr","locations":[{"start":{"line":10,"column":22},"end":{"line":10,"column":29}},{"start":{"line":10,"column":29},"end":{"line":10,"column":null}}],"line":10},"6":{"loc":{"start":{"line":15,"column":21},"end":{"line":15,"column":null}},"type":"binary-expr","locations":[{"start":{"line":15,"column":21},"end":{"line":15,"column":25}},{"start":{"line":15,"column":21},"end":{"line":15,"column":null}}],"line":15},"7":{"loc":{"start":{"line":17,"column":22},"end":{"line":17,"column":null}},"type":"binary-expr","locations":[{"start":{"line":17,"column":22},"end":{"line":17,"column":29}},{"start":{"line":17,"column":29},"end":{"line":17,"column":null}}],"line":17},"8":{"loc":{"start":{"line":22,"column":21},"end":{"line":22,"column":null}},"type":"binary-expr","locations":[{"start":{"line":22,"column":21},"end":{"line":22,"column":25}},{"start":{"line":22,"column":21},"end":{"line":22,"column":null}}],"line":22},"9":{"loc":{"start":{"line":24,"column":22},"end":{"line":24,"column":null}},"type":"binary-expr","locations":[{"start":{"line":24,"column":22},"end":{"line":24,"column":29}},{"start":{"line":24,"column":29},"end":{"line":24,"column":null}}],"line":24},"10":{"loc":{"start":{"line":29,"column":21},"end":{"line":29,"column":null}},"type":"binary-expr","locations":[{"start":{"line":29,"column":21},"end":{"line":29,"column":25}},{"start":{"line":29,"column":21},"end":{"line":29,"column":null}}],"line":29},"11":{"loc":{"start":{"line":31,"column":22},"end":{"line":31,"column":null}},"type":"binary-expr","locations":[{"start":{"line":31,"column":22},"end":{"line":31,"column":29}},{"start":{"line":31,"column":29},"end":{"line":31,"column":null}}],"line":31},"12":{"loc":{"start":{"line":36,"column":21},"end":{"line":36,"column":null}},"type":"binary-expr","locations":[{"start":{"line":36,"column":21},"end":{"line":36,"column":25}},{"start":{"line":36,"column":21},"end":{"line":36,"column":null}}],"line":36},"13":{"loc":{"start":{"line":38,"column":22},"end":{"line":38,"column":null}},"type":"binary-expr","locations":[{"start":{"line":38,"column":22},"end":{"line":38,"column":29}},{"start":{"line":38,"column":29},"end":{"line":38,"column":null}}],"line":38},"14":{"loc":{"start":{"line":43,"column":28},"end":{"line":43,"column":39}},"type":"binary-expr","locations":[{"start":{"line":43,"column":28},"end":{"line":43,"column":32}},{"start":{"line":43,"column":28},"end":{"line":43,"column":39}}],"line":43},"15":{"loc":{"start":{"line":46,"column":26},"end":{"line":46,"column":null}},"type":"binary-expr","locations":[{"start":{"line":46,"column":26},"end":{"line":46,"column":null}},{"start":{"line":46,"column":27},"end":{"line":46,"column":null}}],"line":46},"16":{"loc":{"start":{"line":51,"column":28},"end":{"line":51,"column":43}},"type":"binary-expr","locations":[{"start":{"line":51,"column":28},"end":{"line":51,"column":32}},{"start":{"line":51,"column":28},"end":{"line":51,"column":43}}],"line":51},"17":{"loc":{"start":{"line":54,"column":26},"end":{"line":54,"column":null}},"type":"binary-expr","locations":[{"start":{"line":54,"column":26},"end":{"line":54,"column":null}},{"start":{"line":54,"column":27},"end":{"line":54,"column":null}}],"line":54},"18":{"loc":{"start":{"line":59,"column":21},"end":{"line":59,"column":null}},"type":"binary-expr","locations":[{"start":{"line":59,"column":21},"end":{"line":59,"column":25}},{"start":{"line":59,"column":21},"end":{"line":59,"column":null}}],"line":59},"19":{"loc":{"start":{"line":61,"column":22},"end":{"line":61,"column":null}},"type":"binary-expr","locations":[{"start":{"line":61,"column":22},"end":{"line":61,"column":29}},{"start":{"line":61,"column":29},"end":{"line":61,"column":null}}],"line":61},"20":{"loc":{"start":{"line":66,"column":21},"end":{"line":66,"column":null}},"type":"binary-expr","locations":[{"start":{"line":66,"column":21},"end":{"line":66,"column":25}},{"start":{"line":66,"column":21},"end":{"line":66,"column":null}}],"line":66}},"s":{"0":2,"1":2,"2":2,"3":2,"4":2,"5":0,"6":2,"7":0,"8":2,"9":2,"10":0,"11":0,"12":0,"13":0,"14":0,"15":0,"16":0,"17":0,"18":0,"19":0,"20":0,"21":0,"22":0,"23":0,"24":0,"25":0,"26":1,"27":0,"28":0,"29":0,"30":0,"31":0,"32":0,"33":0,"34":0,"35":0,"36":0,"37":0,"38":0,"39":0,"40":0,"41":0,"42":0,"43":0,"44":0},"f":{"0":2,"1":0,"2":0,"3":0,"4":0,"5":0,"6":0,"7":0,"8":0,"9":0,"10":0,"11":0,"12":0,"13":0,"14":0,"15":0,"16":0,"17":0,"18":0,"19":0,"20":0,"21":0,"22":0},"b":{"0":[0,0],"1":[0,0],"2":[0,0],"3":[2,2],"4":[2,2],"5":[0,0],"6":[2,2],"7":[0,0],"8":[2,2],"9":[0,0],"10":[2,2],"11":[0,0],"12":[2,2],"13":[0,0],"14":[2,2],"15":[0,0],"16":[2,2],"17":[0,0],"18":[2,2],"19":[0,0],"20":[2,2]},"meta":{"lastBranch":21,"lastFunction":23,"lastStatement":45,"seen":{"s:96:14:96:Infinity":0,"s:99:13:99:49":1,"s:101:14:101:30":2,"s:102:0:102:52":3,"f:102:6:102:7":0,"s:102:12:102:22":4,"f:102:24:102:27":1,"s:102:32:102:50":5,"s:103:0:103:46":6,"f:103:14:103:17":2,"s:103:21:103:45":7,"s:105:15:105:25":8,"s:107:12:117:2":9,"f:119:15:119:23":3,"s:120:2:120:58":10,"b:122:2:125:3:undefined:undefined:undefined:undefined":0,"s:122:2:125:3":11,"s:123:4:123:38":12,"s:124:4:124:10":13,"s:128:17:128:47":14,"s:129:2:129:43":15,"b:131:2:134:3:undefined:undefined:undefined:undefined":1,"s:131:2:134:3":16,"s:132:4:132:53":17,"s:133:4:133:10":18,"s:136:2:136:45":19,"s:137:2:137:33":20,"s:138:2:138:9":21,"f:141:9:141:14":4,"s:142:2:142:22":22,"b:143:2:143:52:undefined:undefined:undefined:undefined":2,"s:143:2:143:52":23,"s:143:21:143:52":24,"s:144:2:154:3":25,"s:70:15:70:Infinity":26,"b:2:21:2:27:2:21:2:29":3,"f:2:21:2:27":5,"s:2:21:2:29":27,"b:8:21:8:25:8:21:8:Infinity":4,"f:8:21:8:25":6,"s:8:21:8:Infinity":28,"f:10:21:10:22":7,"s:10:22:10:Infinity":29,"b:10:22:10:29:10:29:10:Infinity":5,"b:15:21:15:25:15:21:15:Infinity":6,"f:15:21:15:25":8,"s:15:21:15:Infinity":30,"f:17:21:17:22":9,"s:17:22:17:Infinity":31,"b:17:22:17:29:17:29:17:Infinity":7,"b:22:21:22:25:22:21:22:Infinity":8,"f:22:21:22:25":10,"s:22:21:22:Infinity":32,"f:24:21:24:22":11,"s:24:22:24:Infinity":33,"b:24:22:24:29:24:29:24:Infinity":9,"b:29:21:29:25:29:21:29:Infinity":10,"f:29:21:29:25":12,"s:29:21:29:Infinity":34,"f:31:21:31:22":13,"s:31:22:31:Infinity":35,"b:31:22:31:29:31:29:31:Infinity":11,"b:36:21:36:25:36:21:36:Infinity":12,"f:36:21:36:25":14,"s:36:21:36:Infinity":36,"f:38:21:38:22":15,"s:38:22:38:Infinity":37,"b:38:22:38:29:38:29:38:Infinity":13,"b:43:28:43:32:43:28:43:39":14,"f:43:28:43:32":16,"s:43:28:43:39":38,"f:46:21:46:22":17,"s:46:26:46:Infinity":39,"b:46:26:46:Infinity:46:27:46:Infinity":15,"b:51:28:51:32:51:28:51:43":16,"f:51:28:51:32":18,"s:51:28:51:43":40,"f:54:21:54:22":19,"s:54:26:54:Infinity":41,"b:54:26:54:Infinity:54:27:54:Infinity":17,"b:59:21:59:25:59:21:59:Infinity":18,"f:59:21:59:25":20,"s:59:21:59:Infinity":42,"f:61:21:61:22":21,"s:61:22:61:Infinity":43,"b:61:22:61:29:61:29:61:Infinity":19,"b:66:21:66:25:66:21:66:Infinity":20,"f:66:21:66:25":22,"s:66:21:66:Infinity":44}}}
,"C:\\Users\\usuario\\Desktop\\Nueva carpeta (22)\\ef7\\src\\components\\CursoCard.vue": {"path":"C:\\Users\\usuario\\Desktop\\Nueva carpeta (22)\\ef7\\src\\components\\CursoCard.vue","statementMap":{"0":{"start":{"line":22,"column":15},"end":{"line":32,"column":null}},"1":{"start":{"line":16,"column":13},"end":{"line":16,"column":35}}},"fnMap":{},"branchMap":{"0":{"loc":{"start":{"line":15,"column":100},"end":{"line":15,"column":null}},"type":"binary-expr","locations":[{"start":{"line":15,"column":100},"end":{"line":15,"column":106}},{"start":{"line":15,"column":100},"end":{"line":15,"column":null}}],"line":15}},"s":{"0":4,"1":4},"f":{},"b":{"0":[0,0]},"meta":{"lastBranch":0,"lastFunction":0,"lastStatement":0,"seen":{}}}
,"C:\\Users\\usuario\\Desktop\\Nueva carpeta (22)\\ef7\\src\\components\\CursoGrid.vue": {"path":"C:\\Users\\usuario\\Desktop\\Nueva carpeta (22)\\ef7\\src\\components\\CursoGrid.vue","statementMap":{"0":{"start":{"line":25,"column":15},"end":{"line":34,"column":null}}},"fnMap":{},"branchMap":{},"s":{"0":1},"f":{},"b":{},"meta":{"lastBranch":0,"lastFunction":0,"lastStatement":1,"seen":{"s:25:15:34:Infinity":0}}}
,"C:\\Users\\usuario\\Desktop\\Nueva carpeta (22)\\ef7\\src\\components\\CursoGridInactivos.vue": {"path":"C:\\Users\\usuario\\Desktop\\Nueva carpeta (22)\\ef7\\src\\components\\CursoGridInactivos.vue","statementMap":{"0":{"start":{"line":25,"column":15},"end":{"line":31,"column":null}}},"fnMap":{},"branchMap":{},"s":{"0":1},"f":{},"b":{},"meta":{"lastBranch":0,"lastFunction":0,"lastStatement":1,"seen":{"s:25:15:31:Infinity":0}}}
,"C:\\Users\\usuario\\Desktop\\Nueva carpeta (22)\\ef7\\src\\components\\CursosPopulares.vue": {"path":"C:\\Users\\usuario\\Desktop\\Nueva carpeta (22)\\ef7\\src\\components\\CursosPopulares.vue","statementMap":{"0":{"start":{"line":28,"column":15},"end":{"line":59,"column":null}},"1":{"start":{"line":35,"column":23},"end":{"line":35,"column":null}},"2":{"start":{"line":36,"column":20},"end":{"line":36,"column":23}},"3":{"start":{"line":38,"column":28},"end":{"line":45,"column":null}},"4":{"start":{"line":39,"column":6},"end":{"line":39,"column":null}},"5":{"start":{"line":40,"column":6},"end":{"line":44,"column":null}},"6":{"start":{"line":41,"column":8},"end":{"line":43,"column":null}},"7":{"start":{"line":42,"column":10},"end":{"line":42,"column":76}},"8":{"start":{"line":47,"column":28},"end":{"line":49,"column":null}},"9":{"start":{"line":48,"column":6},"end":{"line":48,"column":null}},"10":{"start":{"line":48,"column":21},"end":{"line":48,"column":null}},"11":{"start":{"line":51,"column":27},"end":{"line":51,"column":null}},"12":{"start":{"line":51,"column":33},"end":{"line":51,"column":null}},"13":{"start":{"line":52,"column":29},"end":{"line":52,"column":null}},"14":{"start":{"line":52,"column":35},"end":{"line":52,"column":null}},"15":{"start":{"line":54,"column":4},"end":{"line":54,"column":null}},"16":{"start":{"line":54,"column":20},"end":{"line":54,"column":37}},"17":{"start":{"line":55,"column":4},"end":{"line":55,"column":null}},"18":{"start":{"line":55,"column":26},"end":{"line":55,"column":43}},"19":{"start":{"line":57,"column":4},"end":{"line":57,"column":null}},"20":{"start":{"line":16,"column":13},"end":{"line":16,"column":null}},"21":{"start":{"line":4,"column":17},"end":{"line":4,"column":31}},"22":{"start":{"line":5,"column":17},"end":{"line":5,"column":33}},"23":{"start":{"line":8,"column":15},"end":{"line":8,"column":null}}},"fnMap":{"0":{"name":"(anonymous_0)","decl":{"start":{"line":34,"column":2},"end":{"line":34,"column":7}},"loc":{"start":{"line":34,"column":15},"end":{"line":58,"column":null}},"line":34},"1":{"name":"(anonymous_1)","decl":{"start":{"line":38,"column":28},"end":{"line":38,"column":29}},"loc":{"start":{"line":38,"column":34},"end":{"line":45,"column":null}},"line":38},"2":{"name":"(anonymous_2)","decl":{"start":{"line":41,"column":32},"end":{"line":41,"column":33}},"loc":{"start":{"line":41,"column":38},"end":{"line":43,"column":9}},"line":41},"3":{"name":"(anonymous_3)","decl":{"start":{"line":47,"column":28},"end":{"line":47,"column":29}},"loc":{"start":{"line":47,"column":34},"end":{"line":49,"column":null}},"line":47},"4":{"name":"(anonymous_4)","decl":{"start":{"line":51,"column":27},"end":{"line":51,"column":28}},"loc":{"start":{"line":51,"column":33},"end":{"line":51,"column":null}},"line":51},"5":{"name":"(anonymous_5)","decl":{"start":{"line":52,"column":29},"end":{"line":52,"column":30}},"loc":{"start":{"line":52,"column":35},"end":{"line":52,"column":null}},"line":52},"6":{"name":"(anonymous_6)","decl":{"start":{"line":54,"column":14},"end":{"line":54,"column":15}},"loc":{"start":{"line":54,"column":20},"end":{"line":54,"column":37}},"line":54},"7":{"name":"(anonymous_7)","decl":{"start":{"line":55,"column":20},"end":{"line":55,"column":21}},"loc":{"start":{"line":55,"column":26},"end":{"line":55,"column":43}},"line":55},"8":{"name":"(anonymous_8)","decl":{"start":{"line":4,"column":15},"end":{"line":4,"column":17}},"loc":{"start":{"line":4,"column":17},"end":{"line":4,"column":31}},"line":4},"9":{"name":"(anonymous_9)","decl":{"start":{"line":5,"column":15},"end":{"line":5,"column":17}},"loc":{"start":{"line":5,"column":17},"end":{"line":5,"column":33}},"line":5},"10":{"name":"(anonymous_10)","decl":{"start":{"line":8,"column":15},"end":{"line":8,"column":27}},"loc":{"start":{"line":8,"column":15},"end":{"line":8,"column":null}},"line":8}},"branchMap":{"0":{"loc":{"start":{"line":40,"column":6},"end":{"line":44,"column":null}},"type":"if","locations":[{"start":{"line":40,"column":6},"end":{"line":44,"column":null}},{"start":{},"end":{}}],"line":40},"1":{"loc":{"start":{"line":48,"column":6},"end":{"line":48,"column":null}},"type":"if","locations":[{"start":{"line":48,"column":6},"end":{"line":48,"column":null}},{"start":{},"end":{}}],"line":48},"2":{"loc":{"start":{"line":4,"column":15},"end":{"line":4,"column":null}},"type":"binary-expr","locations":[{"start":{"line":4,"column":15},"end":{"line":4,"column":17}},{"start":{"line":4,"column":15},"end":{"line":4,"column":null}}],"line":4},"3":{"loc":{"start":{"line":4,"column":17},"end":{"line":4,"column":31}},"type":"binary-expr","locations":[{"start":{"line":4,"column":17},"end":{"line":4,"column":31}},{"start":{"line":4,"column":17},"end":{"line":4,"column":31}}],"line":4},"4":{"loc":{"start":{"line":5,"column":15},"end":{"line":5,"column":null}},"type":"binary-expr","locations":[{"start":{"line":5,"column":15},"end":{"line":5,"column":17}},{"start":{"line":5,"column":15},"end":{"line":5,"column":null}}],"line":5},"5":{"loc":{"start":{"line":5,"column":17},"end":{"line":5,"column":33}},"type":"binary-expr","locations":[{"start":{"line":5,"column":17},"end":{"line":5,"column":33}},{"start":{"line":5,"column":17},"end":{"line":5,"column":33}}],"line":5},"6":{"loc":{"start":{"line":8,"column":15},"end":{"line":8,"column":null}},"type":"binary-expr","locations":[{"start":{"line":8,"column":15},"end":{"line":8,"column":27}},{"start":{"line":8,"column":15},"end":{"line":8,"column":null}}],"line":8}},"s":{"0":1,"1":3,"2":3,"3":3,"4":3,"5":3,"6":3,"7":0,"8":3,"9":3,"10":0,"11":3,"12":0,"13":3,"14":0,"15":3,"16":3,"17":3,"18":0,"19":3,"20":1,"21":0,"22":0,"23":0},"f":{"0":3,"1":3,"2":0,"3":3,"4":0,"5":0,"6":3,"7":0,"8":0,"9":0,"10":0},"b":{"0":[3,0],"1":[0,3],"2":[3,3],"3":[0,0],"4":[3,3],"5":[0,0],"6":[3,3]},"meta":{"lastBranch":0,"lastFunction":0,"lastStatement":0,"seen":{}}}
,"C:\\Users\\usuario\\Desktop\\Nueva carpeta (22)\\ef7\\src\\components\\NavBar.vue": {"path":"C:\\Users\\usuario\\Desktop\\Nueva carpeta (22)\\ef7\\src\\components\\NavBar.vue","statementMap":{"0":{"start":{"line":45,"column":13},"end":{"line":45,"column":24}},"1":{"start":{"line":46,"column":14},"end":{"line":46,"column":26}},"2":{"start":{"line":47,"column":12},"end":{"line":47,"column":58}},"3":{"start":{"line":47,"column":28},"end":{"line":47,"column":57}},"4":{"start":{"line":49,"column":14},"end":{"line":49,"column":25}},"5":{"start":{"line":51,"column":15},"end":{"line":54,"column":1}},"6":{"start":{"line":52,"column":2},"end":{"line":52,"column":39}},"7":{"start":{"line":53,"column":2},"end":{"line":53,"column":23}},"8":{"start":{"line":56,"column":16},"end":{"line":59,"column":31}},"9":{"start":{"line":56,"column":32},"end":{"line":59,"column":30}},"10":{"start":{"line":59,"column":17},"end":{"line":59,"column":29}},"11":{"start":{"line":28,"column":12},"end":{"line":28,"column":28}},"12":{"start":{"line":4,"column":13},"end":{"line":4,"column":null}},"13":{"start":{"line":13,"column":16},"end":{"line":13,"column":null}},"14":{"start":{"line":21,"column":32},"end":{"line":21,"column":48}}},"fnMap":{"0":{"name":"(anonymous_0)","decl":{"start":{"line":47,"column":22},"end":{"line":47,"column":23}},"loc":{"start":{"line":47,"column":28},"end":{"line":47,"column":57}},"line":47},"1":{"name":"(anonymous_1)","decl":{"start":{"line":51,"column":15},"end":{"line":51,"column":20}},"loc":{"start":{"line":51,"column":27},"end":{"line":54,"column":1}},"line":51},"2":{"name":"(anonymous_2)","decl":{"start":{"line":56,"column":26},"end":{"line":56,"column":27}},"loc":{"start":{"line":56,"column":32},"end":{"line":59,"column":30}},"line":56},"3":{"name":"(anonymous_3)","decl":{"start":{"line":59,"column":9},"end":{"line":59,"column":13}},"loc":{"start":{"line":59,"column":17},"end":{"line":59,"column":29}},"line":59},"4":{"name":"(anonymous_4)","decl":{"start":{"line":4,"column":13},"end":{"line":4,"column":19}},"loc":{"start":{"line":4,"column":13},"end":{"line":4,"column":null}},"line":4},"5":{"name":"(anonymous_5)","decl":{"start":{"line":13,"column":14},"end":{"line":13,"column":16}},"loc":{"start":{"line":13,"column":16},"end":{"line":13,"column":null}},"line":13},"6":{"name":"(anonymous_6)","decl":{"start":{"line":21,"column":30},"end":{"line":21,"column":32}},"loc":{"start":{"line":21,"column":32},"end":{"line":21,"column":48}},"line":21}},"branchMap":{"0":{"loc":{"start":{"line":4,"column":13},"end":{"line":4,"column":null}},"type":"binary-expr","locations":[{"start":{"line":4,"column":13},"end":{"line":4,"column":19}},{"start":{"line":4,"column":13},"end":{"line":4,"column":null}}],"line":4},"1":{"loc":{"start":{"line":13,"column":14},"end":{"line":13,"column":null}},"type":"binary-expr","locations":[{"start":{"line":13,"column":14},"end":{"line":13,"column":16}},{"start":{"line":13,"column":14},"end":{"line":13,"column":null}}],"line":13},"2":{"loc":{"start":{"line":21,"column":30},"end":{"line":21,"column":71}},"type":"binary-expr","locations":[{"start":{"line":21,"column":30},"end":{"line":21,"column":32}},{"start":{"line":21,"column":30},"end":{"line":21,"column":71}}],"line":21}},"s":{"0":2,"1":2,"2":2,"3":2,"4":2,"5":2,"6":0,"7":0,"8":2,"9":2,"10":4,"11":1,"12":0,"13":0,"14":0},"f":{"0":2,"1":0,"2":2,"3":4,"4":0,"5":0,"6":0},"b":{"0":[2,2],"1":[2,2],"2":[2,2]},"meta":{"lastBranch":0,"lastFunction":0,"lastStatement":0,"seen":{}}}
}
